
-------
11/55/2021 13:55:25
-------

CREATE TABLE IF NOT EXISTS client(
    id VARCHAR(255) not null primary key,
    name VARCHAR(255),
    secname VARCHAR(255),
    patronymic VARCHAR(255),
    phone_number VARCHAR(255),
    email VARCHAR(255),
    pasport_number VARCHAR(255)
    )
CREATE TABLE IF NOT EXISTS credit(
    id VARCHAR(255) not null primary key,
    credit_name VARCHAR(255),
    credit_limit BIGINT not null,
    percent INTEGER)
CREATE TABLE IF NOT EXISTS credit_offer(
    id VARCHAR(255) not null primary key,
    credit_sum BIGINT,
    months_of_credit BIGINT,
    client_id VARCHAR(255) not null,
    credit_id VARCHAR(255) not null,
    FOREIGN KEY(client_id) REFERENCES client(id) ON DELETE CASCADE,
    FOREIGN KEY(credit_id) REFERENCES credit(id) ON DELETE CASCADE)
CREATE TABLE IF NOT EXISTS payment_graphic(
    id VARCHAR(255) not null primary key,
    credit_body BIGINT,
    credit_percents BIGINT,
    date Date,
    ostatok BIGINT,
    payment_sum BIGINT,
    credit_offer_id VARCHAR(255) not null,
    FOREIGN KEY(credit_offer_id) REFERENCES credit_offer(id) ON DELETE CASCADE)

INSERT INTO client VALUES("dskjfdsljdf32k", "Алексей", "Скворцов", "Владимирович", "89178139389", "masson@mail.ru", "3423 234343")
INSERT INTO client VALUES("dskjfasd21jkkk", "Виктор", "Андреев", "Герасимович", "82178139389", "makjk@mail.ru", "3423 231243")
INSERT INTO client VALUES("dskjfa48jkjkla", "Виктория", "Анохина", "Владимировна", "82178139235", "makdokneks@mail.ru", "2423 231243")


-------
11/58/2021 13:58:36
-------

CREATE TABLE IF NOT EXISTS client(
    id VARCHAR(255) not null primary key,
    name VARCHAR(255),
    secname VARCHAR(255),
    patronymic VARCHAR(255),
    phone_number VARCHAR(255),
    email VARCHAR(255),
    pasport_number VARCHAR(255)
    )
CREATE TABLE IF NOT EXISTS credit(
    id VARCHAR(255) not null primary key,
    credit_name VARCHAR(255),
    credit_limit BIGINT not null,
    percent INTEGER)
CREATE TABLE IF NOT EXISTS credit_offer(
    id VARCHAR(255) not null primary key,
    credit_sum BIGINT,
    months_of_credit BIGINT,
    client_id VARCHAR(255) not null,
    credit_id VARCHAR(255) not null,
    FOREIGN KEY(client_id) REFERENCES client(id) ON DELETE CASCADE,
    FOREIGN KEY(credit_id) REFERENCES credit(id) ON DELETE CASCADE)
CREATE TABLE IF NOT EXISTS payment_graphic(
    id VARCHAR(255) not null primary key,
    credit_body BIGINT,
    credit_percents BIGINT,
    date Date,
    ostatok BIGINT,
    payment_sum BIGINT,
    credit_offer_id VARCHAR(255) not null,
    FOREIGN KEY(credit_offer_id) REFERENCES credit_offer(id) ON DELETE CASCADE)

INSERT INTO client VALUES('dskjfdsljdf32k', 'Алексей', 'Скворцов', 'Владимирович', '89178139389', 'masson@mail.ru', '3423 234343')
INSERT INTO client VALUES('dskjfasd21jkkk', 'Виктор', 'Андреев', 'Герасимович', '82178139389', 'makjk@mail.ru', '3423 231243')
INSERT INTO client VALUES('dskjfa48jkjkla', 'Виктория', 'Анохина', 'Владимировна', '82178139235', 'makdokneks@mail.ru', '2423 231243')

INSERT INTO credit VALUES("ddslfds0sdfakdj91", "Быстрый", 12000, 12),
("ddslfdslksdfsdj23", "Срочный", 15000, 25),
("ddlaeis0sdfakdj12", "Заемный", 50000, 11),
("ddskjlj0sdfakdj38", "Ипотечный", 1000000, 7) 

-------
11/00/2021 14:00:37
-------

CREATE TABLE IF NOT EXISTS client(
    id VARCHAR(255) not null primary key,
    name VARCHAR(255),
    secname VARCHAR(255),
    patronymic VARCHAR(255),
    phone_number VARCHAR(255),
    email VARCHAR(255),
    pasport_number VARCHAR(255)
    )
CREATE TABLE IF NOT EXISTS credit(
    id VARCHAR(255) not null primary key,
    credit_name VARCHAR(255),
    credit_limit BIGINT not null,
    percent INTEGER)
CREATE TABLE IF NOT EXISTS credit_offer(
    id VARCHAR(255) not null primary key,
    credit_sum BIGINT,
    months_of_credit BIGINT,
    client_id VARCHAR(255) not null,
    credit_id VARCHAR(255) not null,
    FOREIGN KEY(client_id) REFERENCES client(id) ON DELETE CASCADE,
    FOREIGN KEY(credit_id) REFERENCES credit(id) ON DELETE CASCADE)
CREATE TABLE IF NOT EXISTS payment_graphic(
    id VARCHAR(255) not null primary key,
    credit_body BIGINT,
    credit_percents BIGINT,
    date Date,
    ostatok BIGINT,
    payment_sum BIGINT,
    credit_offer_id VARCHAR(255) not null,
    FOREIGN KEY(credit_offer_id) REFERENCES credit_offer(id) ON DELETE CASCADE)


-------
11/00/2021 14:00:55
-------

CREATE TABLE IF NOT EXISTS client(
    id VARCHAR(255) not null primary key,
    name VARCHAR(255),
    secname VARCHAR(255),
    patronymic VARCHAR(255),
    phone_number VARCHAR(255),
    email VARCHAR(255),
    pasport_number VARCHAR(255)
    )
CREATE TABLE IF NOT EXISTS credit(
    id VARCHAR(255) not null primary key,
    credit_name VARCHAR(255),
    credit_limit BIGINT not null,
    percent INTEGER)
CREATE TABLE IF NOT EXISTS credit_offer(
    id VARCHAR(255) not null primary key,
    credit_sum BIGINT,
    months_of_credit BIGINT,
    client_id VARCHAR(255) not null,
    credit_id VARCHAR(255) not null,
    FOREIGN KEY(client_id) REFERENCES client(id) ON DELETE CASCADE,
    FOREIGN KEY(credit_id) REFERENCES credit(id) ON DELETE CASCADE)
CREATE TABLE IF NOT EXISTS payment_graphic(
    id VARCHAR(255) not null primary key,
    credit_body BIGINT,
    credit_percents BIGINT,
    date Date,
    ostatok BIGINT,
    payment_sum BIGINT,
    credit_offer_id VARCHAR(255) not null,
    FOREIGN KEY(credit_offer_id) REFERENCES credit_offer(id) ON DELETE CASCADE)

INSERT INTO client VALUES('dskjfdsljdf32k', 'Алексей', 'Скворцов', 'Владимирович', '89178139389', 'masson@mail.ru', '3423 234343')
INSERT INTO client VALUES('dskjfasd21jkkk', 'Виктор', 'Андреев', 'Герасимович', '82178139389', 'makjk@mail.ru', '3423 231243')
INSERT INTO client VALUES('dskjfa48jkjkla', 'Виктория', 'Анохина', 'Владимировна', '82178139235', 'makdokneks@mail.ru', '2423 231243')

INSERT INTO credit VALUES('ddslfds0sdfakdj91', 'Быстрый', 12000, 12),
('ddslfdslksdfsdj23', 'Срочный', 15000, 25),
('ddlaeis0sdfakdj12', 'Заемный', 50000, 11),
('ddskjlj0sdfakdj38', 'Ипотечный', 1000000, 7) 
INSERT INTO credit_offer VALUES ('sdkjfsj32434', 14000, 12, 'dskjfdsljdf32k', 'ddlaeis0sdfakdj12'),
('sdkjfsjjkj34', 28000, 6, 'dskjfasd21jkkk', 'ddskjlj0sdfakdj38'),
('adlfjbndke33', 1000, 6, 'dskjfa48jkjkla', 'ddslfdslksdfsdj23') 
