/*C12*/SET SCHEMA PUBLIC
CREATE TABLE IF NOT EXISTS client(\u000a    id VARCHAR(255) not null primary key,\u000a    name VARCHAR(255),\u000a    secname VARCHAR(255),\u000a    patronymic VARCHAR(255),\u000a    phone_number VARCHAR(255),\u000a    email VARCHAR(255),\u000a    pasport_number VARCHAR(255)\u000a    )\u000a
CREATE TABLE IF NOT EXISTS credit(\u000a    id VARCHAR(255) not null primary key,\u000a    credit_name VARCHAR(255),\u000a    credit_limit BIGINT not null,\u000a    percent INTEGER)\u000a
CREATE TABLE IF NOT EXISTS credit_offer(\u000a    id VARCHAR(255) not null primary key,\u000a    credit_sum BIGINT,\u000a    months_of_credit BIGINT,\u000a    client_id VARCHAR(255) not null,\u000a    credit_id VARCHAR(255) not null,\u000a    FOREIGN KEY(client_id) REFERENCES client(id) ON DELETE CASCADE,\u000a    FOREIGN KEY(credit_id) REFERENCES credit(id) ON DELETE CASCADE)\u000a
CREATE TABLE IF NOT EXISTS payment_graphic(\u000a    id VARCHAR(255) not null primary key,\u000a    credit_body BIGINT,\u000a    credit_percents BIGINT,\u000a    date Date,\u000a    ostatok BIGINT,\u000a    payment_sum BIGINT,\u000a    credit_offer_id VARCHAR(255) not null,\u000a    FOREIGN KEY(credit_offer_id) REFERENCES credit_offer(id) ON DELETE CASCADE)\u000a
/*C13*/SET SCHEMA PUBLIC
DISCONNECT
/*C14*/SET SCHEMA PUBLIC
DISCONNECT
/*C15*/SET SCHEMA PUBLIC
DISCONNECT
/*C16*/SET SCHEMA PUBLIC
DISCONNECT
/*C17*/SET SCHEMA PUBLIC
DISCONNECT
/*C18*/SET SCHEMA PUBLIC
DISCONNECT
/*C19*/SET SCHEMA PUBLIC
DELETE FROM CLIENT WHERE ID='dskjfa48jkjkla'
COMMIT
DISCONNECT
/*C20*/SET SCHEMA PUBLIC
DISCONNECT
/*C21*/SET SCHEMA PUBLIC
DELETE FROM CLIENT WHERE ID='dskjfasd21jkkk'
COMMIT
DISCONNECT
/*C22*/SET SCHEMA PUBLIC
DISCONNECT
/*C23*/SET SCHEMA PUBLIC
DELETE FROM CLIENT WHERE ID='dskjfdsljdf32k'
COMMIT
DISCONNECT
/*C24*/SET SCHEMA PUBLIC
DISCONNECT
/*C26*/SET SCHEMA PUBLIC
CREATE TABLE IF NOT EXISTS client(\u000a    id VARCHAR(255) not null primary key,\u000a    name VARCHAR(255),\u000a    secname VARCHAR(255),\u000a    patronymic VARCHAR(255),\u000a    phone_number VARCHAR(255),\u000a    email VARCHAR(255),\u000a    pasport_number VARCHAR(255)\u000a    )\u000a
CREATE TABLE IF NOT EXISTS credit(\u000a    id VARCHAR(255) not null primary key,\u000a    credit_name VARCHAR(255),\u000a    credit_limit BIGINT not null,\u000a    percent INTEGER)\u000a
CREATE TABLE IF NOT EXISTS credit_offer(\u000a    id VARCHAR(255) not null primary key,\u000a    credit_sum BIGINT,\u000a    months_of_credit BIGINT,\u000a    client_id VARCHAR(255) not null,\u000a    credit_id VARCHAR(255) not null,\u000a    FOREIGN KEY(client_id) REFERENCES client(id) ON DELETE CASCADE,\u000a    FOREIGN KEY(credit_id) REFERENCES credit(id) ON DELETE CASCADE)\u000a
CREATE TABLE IF NOT EXISTS payment_graphic(\u000a    id VARCHAR(255) not null primary key,\u000a    credit_body BIGINT,\u000a    credit_percents BIGINT,\u000a    date Date,\u000a    ostatok BIGINT,\u000a    payment_sum BIGINT,\u000a    credit_offer_id VARCHAR(255) not null,\u000a    FOREIGN KEY(credit_offer_id) REFERENCES credit_offer(id) ON DELETE CASCADE)\u000a
/*C27*/SET SCHEMA PUBLIC
DISCONNECT
/*C28*/SET SCHEMA PUBLIC
DISCONNECT
/*C29*/SET SCHEMA PUBLIC
DISCONNECT
/*C26*/INSERT INTO CLIENT VALUES('dskjfdsljdf32k','\u0410\u043b\u0435\u043a\u0441\u0435\u0439','\u0421\u043a\u0432\u043e\u0440\u0446\u043e\u0432','\u0412\u043b\u0430\u0434\u0438\u043c\u0438\u0440\u043e\u0432\u0438\u0447','89178139389','masson@mail.ru','3423 234343')
COMMIT
INSERT INTO CLIENT VALUES('dskjfasd21jkkk','\u0412\u0438\u043a\u0442\u043e\u0440','\u0410\u043d\u0434\u0440\u0435\u0435\u0432','\u0413\u0435\u0440\u0430\u0441\u0438\u043c\u043e\u0432\u0438\u0447','82178139389','makjk@mail.ru','3423 231243')
COMMIT
INSERT INTO CLIENT VALUES('dskjfa48jkjkla','\u0412\u0438\u043a\u0442\u043e\u0440\u0438\u044f','\u0410\u043d\u043e\u0445\u0438\u043d\u0430','\u0412\u043b\u0430\u0434\u0438\u043c\u0438\u0440\u043e\u0432\u043d\u0430','82178139235','makdokneks@mail.ru','2423 231243')
COMMIT
INSERT INTO CREDIT VALUES('ddslfds0sdfakdj91','\u0411\u044b\u0441\u0442\u0440\u044b\u0439',12000,12)
INSERT INTO CREDIT VALUES('ddslfdslksdfsdj23','\u0421\u0440\u043e\u0447\u043d\u044b\u0439',15000,25)
INSERT INTO CREDIT VALUES('ddlaeis0sdfakdj12','\u0417\u0430\u0435\u043c\u043d\u044b\u0439',50000,11)
INSERT INTO CREDIT VALUES('ddskjlj0sdfakdj38','\u0418\u043f\u043e\u0442\u0435\u0447\u043d\u044b\u0439',1000000,7)
COMMIT
INSERT INTO CREDIT_OFFER VALUES('sdkjfsj32434',14000,12,'dskjfdsljdf32k','ddlaeis0sdfakdj12')
INSERT INTO CREDIT_OFFER VALUES('sdkjfsjjkj34',28000,6,'dskjfasd21jkkk','ddskjlj0sdfakdj38')
INSERT INTO CREDIT_OFFER VALUES('adlfjbndke33',1000,6,'dskjfa48jkjkla','ddslfdslksdfsdj23')
COMMIT
/*C30*/SET SCHEMA PUBLIC
DISCONNECT
/*C31*/SET SCHEMA PUBLIC
DISCONNECT
/*C32*/SET SCHEMA PUBLIC
DISCONNECT
/*C33*/SET SCHEMA PUBLIC
DISCONNECT
/*C35*/SET SCHEMA PUBLIC
DISCONNECT
/*C36*/SET SCHEMA PUBLIC
DISCONNECT
/*C37*/SET SCHEMA PUBLIC
DISCONNECT
/*C38*/SET SCHEMA PUBLIC
DISCONNECT
/*C39*/SET SCHEMA PUBLIC
DISCONNECT
/*C40*/SET SCHEMA PUBLIC
DISCONNECT
/*C34*/SET SCHEMA PUBLIC
DISCONNECT
/*C41*/SET SCHEMA PUBLIC
DISCONNECT
/*C42*/SET SCHEMA PUBLIC
DISCONNECT
/*C43*/SET SCHEMA PUBLIC
DISCONNECT
/*C44*/SET SCHEMA PUBLIC
DISCONNECT
/*C45*/SET SCHEMA PUBLIC
DISCONNECT
/*C46*/SET SCHEMA PUBLIC
DISCONNECT
